[H[2J[3J[0;35m╔════════════════════════════════════════════════════════════════╗[0m
[0;35m║[0m CRYPTOGRAM Android Build System v1.0.0
[0;35m╚════════════════════════════════════════════════════════════════╝[0m

Configuration:
  Project Root: /home/john/CRYPTOGRAM
  Android Root: /home/john/CRYPTOGRAM/android
  TSM Root: /home/john/CRYPTOGRAM/tsm
  Build Type: debug
  TSM Enabled: Yes
  Log File: /tmp/cryptogram_android_john/build_20260403_194940.log


[0;36m┌────────────────────────────────────────────────────────────────┐[0m
[0;36m│[0m STEP 1/8: System Requirements Check
[0;36m└────────────────────────────────────────────────────────────────┘[0m
[0;34m→[0m Checking operating system...
[0;32m✓[0m System: Linux 6.12.74+deb13+1-amd64 x86_64
[0;90m[DEBUG][0m Linux system detected
[0;34m→[0m Checking required tools...
[0;32m✓[0m java found: openjdk 21.0.10 2026-01-20
[0;32m✓[0m git found: git version 2.47.3
[0;32m✓[0m Java version: 21.0.10
[0;34m→[0m Checking disk space...
[0;32m✓[0m Available disk: 9GB
[1;33m⚠[0m Low disk space: 9GB (10GB+ recommended)
[0;32m✓ Step 1/8 complete[0m


[0;36m┌────────────────────────────────────────────────────────────────┐[0m
[0;36m│[0m STEP 2/8: Git Submodule Initialization
[0;36m└────────────────────────────────────────────────────────────────┘[0m
[1;33m⚠[0m Not a git repository: /home/john/CRYPTOGRAM/android
[0;32m✓[0m Skipping submodule initialization
[0;32m✓ Step 2/8 complete[0m


[0;36m┌────────────────────────────────────────────────────────────────┐[0m
[0;36m│[0m STEP 3/8: Android SDK Validation
[0;36m└────────────────────────────────────────────────────────────────┘[0m
[0;34m→[0m Checking Android SDK...
[1;33m⚠[0m Android SDK not found at: /home/john/Android/Sdk
[1;33m⚠[0m Set ANDROID_SDK_ROOT environment variable or install Android SDK
[0;31m✗[0m FATAL: Android SDK not found - please install Android SDK

Error Details:
  Time: 2026-04-03 19:49:40
  Log: /tmp/cryptogram_android_john/build_20260403_194940.log
  Errors: /tmp/cryptogram_android_john/errors_20260403_194940.log

Recent errors:
  CRYPTOGRAM Android Build Errors
  [2026-04-03 19:49:40] Android SDK not found - please install Android SDK
