[1/1446] Building CXX object cmake/external/rlottie/CMakeFiles/external_rlottie_bundled.dir/__/__/__/Telegram/ThirdParty/rlottie/src/lottie/lottieproxymodel.cpp.o
[2/1446] Automatic MOC for target lib_ui
[3/1445] Building CXX object cmake/external/rlottie/CMakeFiles/external_rlottie_bundled.dir/__/__/__/Telegram/ThirdParty/rlottie/src/vector/freetype/v_ft_raster.cpp.o
[4/1445] Building CXX object cmake/external/rlottie/CMakeFiles/external_rlottie_bundled.dir/__/__/__/Telegram/ThirdParty/rlottie/src/vector/freetype/v_ft_math.cpp.o
[5/1445] Generating styles (td_ui)
FAILED: Telegram/gen/styles/td_ui_style.timestamp Telegram/gen/styles/style_td_common.cpp Telegram/gen/styles/style_td_common.h Telegram/gen/styles/style_filter_icons.cpp Telegram/gen/styles/style_filter_icons.h Telegram/gen/styles/style_menu_icons.cpp Telegram/gen/styles/style_menu_icons.h Telegram/gen/styles/style_chat.cpp Telegram/gen/styles/style_chat.h Telegram/gen/styles/style_credits.cpp Telegram/gen/styles/style_credits.h Telegram/gen/styles/style_premium.cpp Telegram/gen/styles/style_premium.h Telegram/gen/styles/style_color_indices.cpp Telegram/gen/styles/style_color_indices.h Telegram/gen/styles/style_boxes.cpp Telegram/gen/styles/style_boxes.h Telegram/gen/styles/style_dialogs.cpp Telegram/gen/styles/style_dialogs.h Telegram/gen/styles/style_chat_helpers.cpp Telegram/gen/styles/style_chat_helpers.h Telegram/gen/styles/style_calls.cpp Telegram/gen/styles/style_calls.h Telegram/gen/styles/style_export.cpp Telegram/gen/styles/style_export.h Telegram/gen/styles/style_info.cpp Telegram/gen/styles/style_info.h Telegram/gen/styles/style_giveaway.cpp Telegram/gen/styles/style_giveaway.h Telegram/gen/styles/style_channel_earn.cpp Telegram/gen/styles/style_channel_earn.h Telegram/gen/styles/style_info_levels.cpp Telegram/gen/styles/style_info_levels.h Telegram/gen/styles/style_info_userpic_builder.cpp Telegram/gen/styles/style_info_userpic_builder.h Telegram/gen/styles/style_intro.cpp Telegram/gen/styles/style_intro.h Telegram/gen/styles/style_iv.cpp Telegram/gen/styles/style_iv.h Telegram/gen/styles/style_media_player.cpp Telegram/gen/styles/style_media_player.h Telegram/gen/styles/style_passport.cpp Telegram/gen/styles/style_passport.h Telegram/gen/styles/style_payments.cpp Telegram/gen/styles/style_payments.h Telegram/gen/styles/style_profile.cpp Telegram/gen/styles/style_profile.h Telegram/gen/styles/style_settings.cpp Telegram/gen/styles/style_settings.h Telegram/gen/styles/style_media_view.cpp Telegram/gen/styles/style_media_view.h Telegram/gen/styles/style_overview.cpp Telegram/gen/styles/style_overview.h Telegram/gen/styles/style_window.cpp Telegram/gen/styles/style_window.h Telegram/gen/styles/style_editor.cpp Telegram/gen/styles/style_editor.h Telegram/gen/styles/style_statistics.cpp Telegram/gen/styles/style_statistics.h /media/john/NVME_STORAGE4/CRYPTOGRAM/build_release/Telegram/gen/styles/td_ui_style.timestamp /media/john/NVME_STORAGE4/CRYPTOGRAM/build_release/Telegram/gen/styles/style_td_common.cpp /media/john/NVME_STORAGE4/CRYPTOGRAM/build_release/Telegram/gen/styles/style_td_common.h /media/john/NVME_STORAGE4/CRYPTOGRAM/build_release/Telegram/gen/styles/style_filter_icons.cpp /media/john/NVME_STORAGE4/CRYPTOGRAM/build_release/Telegram/gen/styles/style_filter_icons.h /media/john/NVME_STORAGE4/CRYPTOGRAM/build_release/Telegram/gen/styles/style_menu_icons.cpp /media/john/NVME_STORAGE4/CRYPTOGRAM/build_release/Telegram/gen/styles/style_menu_icons.h /media/john/NVME_STORAGE4/CRYPTOGRAM/build_release/Telegram/gen/styles/style_chat.cpp /media/john/NVME_STORAGE4/CRYPTOGRAM/build_release/Telegram/gen/styles/style_chat.h /media/john/NVME_STORAGE4/CRYPTOGRAM/build_release/Telegram/gen/styles/style_credits.cpp /media/john/NVME_STORAGE4/CRYPTOGRAM/build_release/Telegram/gen/styles/style_credits.h /media/john/NVME_STORAGE4/CRYPTOGRAM/build_release/Telegram/gen/styles/style_premium.cpp /media/john/NVME_STORAGE4/CRYPTOGRAM/build_release/Telegram/gen/styles/style_premium.h /media/john/NVME_STORAGE4/CRYPTOGRAM/build_release/Telegram/gen/styles/style_color_indices.cpp /media/john/NVME_STORAGE4/CRYPTOGRAM/build_release/Telegram/gen/styles/style_color_indices.h /media/john/NVME_STORAGE4/CRYPTOGRAM/build_release/Telegram/gen/styles/style_boxes.cpp /media/john/NVME_STORAGE4/CRYPTOGRAM/build_release/Telegram/gen/styles/style_boxes.h /media/john/NVME_STORAGE4/CRYPTOGRAM/build_release/Telegram/gen/styles/style_dialogs.cpp /media/john/NVME_STORAGE4/CRYPTOGRAM/build_release/Telegram/gen/styles/style_dialogs.h /media/john/NVME_STORAGE4/CRYPTOGRAM/build_release/Telegram/gen/styles/style_chat_helpers.cpp /media/john/NVME_STORAGE4/CRYPTOGRAM/build_release/Telegram/gen/styles/style_chat_helpers.h /media/john/NVME_STORAGE4/CRYPTOGRAM/build_release/Telegram/gen/styles/style_calls.cpp /media/john/NVME_STORAGE4/CRYPTOGRAM/build_release/Telegram/gen/styles/style_calls.h /media/john/NVME_STORAGE4/CRYPTOGRAM/build_release/Telegram/gen/styles/style_export.cpp /media/john/NVME_STORAGE4/CRYPTOGRAM/build_release/Telegram/gen/styles/style_export.h /media/john/NVME_STORAGE4/CRYPTOGRAM/build_release/Telegram/gen/styles/style_info.cpp /media/john/NVME_STORAGE4/CRYPTOGRAM/build_release/Telegram/gen/styles/style_info.h /media/john/NVME_STORAGE4/CRYPTOGRAM/build_release/Telegram/gen/styles/style_giveaway.cpp /media/john/NVME_STORAGE4/CRYPTOGRAM/build_release/Telegram/gen/styles/style_giveaway.h /media/john/NVME_STORAGE4/CRYPTOGRAM/build_release/Telegram/gen/styles/style_channel_earn.cpp /media/john/NVME_STORAGE4/CRYPTOGRAM/build_release/Telegram/gen/styles/style_channel_earn.h /media/john/NVME_STORAGE4/CRYPTOGRAM/build_release/Telegram/gen/styles/style_info_levels.cpp /media/john/NVME_STORAGE4/CRYPTOGRAM/build_release/Telegram/gen/styles/style_info_levels.h /media/john/NVME_STORAGE4/CRYPTOGRAM/build_release/Telegram/gen/styles/style_info_userpic_builder.cpp /media/john/NVME_STORAGE4/CRYPTOGRAM/build_release/Telegram/gen/styles/style_info_userpic_builder.h /media/john/NVME_STORAGE4/CRYPTOGRAM/build_release/Telegram/gen/styles/style_intro.cpp /media/john/NVME_STORAGE4/CRYPTOGRAM/build_release/Telegram/gen/styles/style_intro.h /media/john/NVME_STORAGE4/CRYPTOGRAM/build_release/Telegram/gen/styles/style_iv.cpp /media/john/NVME_STORAGE4/CRYPTOGRAM/build_release/Telegram/gen/styles/style_iv.h /media/john/NVME_STORAGE4/CRYPTOGRAM/build_release/Telegram/gen/styles/style_media_player.cpp /media/john/NVME_STORAGE4/CRYPTOGRAM/build_release/Telegram/gen/styles/style_media_player.h /media/john/NVME_STORAGE4/CRYPTOGRAM/build_release/Telegram/gen/styles/style_passport.cpp /media/john/NVME_STORAGE4/CRYPTOGRAM/build_release/Telegram/gen/styles/style_passport.h /media/john/NVME_STORAGE4/CRYPTOGRAM/build_release/Telegram/gen/styles/style_payments.cpp /media/john/NVME_STORAGE4/CRYPTOGRAM/build_release/Telegram/gen/styles/style_payments.h /media/john/NVME_STORAGE4/CRYPTOGRAM/build_release/Telegram/gen/styles/style_profile.cpp /media/john/NVME_STORAGE4/CRYPTOGRAM/build_release/Telegram/gen/styles/style_profile.h /media/john/NVME_STORAGE4/CRYPTOGRAM/build_release/Telegram/gen/styles/style_settings.cpp /media/john/NVME_STORAGE4/CRYPTOGRAM/build_release/Telegram/gen/styles/style_settings.h /media/john/NVME_STORAGE4/CRYPTOGRAM/build_release/Telegram/gen/styles/style_media_view.cpp /media/john/NVME_STORAGE4/CRYPTOGRAM/build_release/Telegram/gen/styles/style_media_view.h /media/john/NVME_STORAGE4/CRYPTOGRAM/build_release/Telegram/gen/styles/style_overview.cpp /media/john/NVME_STORAGE4/CRYPTOGRAM/build_release/Telegram/gen/styles/style_overview.h /media/john/NVME_STORAGE4/CRYPTOGRAM/build_release/Telegram/gen/styles/style_window.cpp /media/john/NVME_STORAGE4/CRYPTOGRAM/build_release/Telegram/gen/styles/style_window.h /media/john/NVME_STORAGE4/CRYPTOGRAM/build_release/Telegram/gen/styles/style_editor.cpp /media/john/NVME_STORAGE4/CRYPTOGRAM/build_release/Telegram/gen/styles/style_editor.h /media/john/NVME_STORAGE4/CRYPTOGRAM/build_release/Telegram/gen/styles/style_statistics.cpp /media/john/NVME_STORAGE4/CRYPTOGRAM/build_release/Telegram/gen/styles/style_statistics.h 
cd /media/john/NVME_STORAGE4/CRYPTOGRAM/build_release/Telegram && /media/john/NVME_STORAGE4/CRYPTOGRAM/build_release/Telegram/codegen/codegen/style/codegen_style -I/media/john/NVME_STORAGE4/CRYPTOGRAM/Telegram/SourceFiles -I/media/john/NVME_STORAGE4/CRYPTOGRAM/Telegram/lib_ui -I/media/john/NVME_STORAGE4/CRYPTOGRAM/Telegram/Resources -o/media/john/NVME_STORAGE4/CRYPTOGRAM/build_release/Telegram/gen/styles -t/media/john/NVME_STORAGE4/CRYPTOGRAM/build_release/Telegram/gen/styles/td_ui_style -w/media/john/NVME_STORAGE4/CRYPTOGRAM/Telegram /media/john/NVME_STORAGE4/CRYPTOGRAM/Telegram/SourceFiles/ui/td_common.style /media/john/NVME_STORAGE4/CRYPTOGRAM/Telegram/SourceFiles/ui/filter_icons.style /media/john/NVME_STORAGE4/CRYPTOGRAM/Telegram/SourceFiles/ui/menu_icons.style /media/john/NVME_STORAGE4/CRYPTOGRAM/Telegram/SourceFiles/ui/chat/chat.style /media/john/NVME_STORAGE4/CRYPTOGRAM/Telegram/SourceFiles/ui/effects/credits.style /media/john/NVME_STORAGE4/CRYPTOGRAM/Telegram/SourceFiles/ui/effects/premium.style /media/john/NVME_STORAGE4/CRYPTOGRAM/Telegram/SourceFiles/ui/color_indices.style /media/john/NVME_STORAGE4/CRYPTOGRAM/Telegram/SourceFiles/boxes/boxes.style /media/john/NVME_STORAGE4/CRYPTOGRAM/Telegram/SourceFiles/dialogs/dialogs.style /media/john/NVME_STORAGE4/CRYPTOGRAM/Telegram/SourceFiles/chat_helpers/chat_helpers.style /media/john/NVME_STORAGE4/CRYPTOGRAM/Telegram/SourceFiles/calls/calls.style /media/john/NVME_STORAGE4/CRYPTOGRAM/Telegram/SourceFiles/export/view/export.style /media/john/NVME_STORAGE4/CRYPTOGRAM/Telegram/SourceFiles/info/info.style /media/john/NVME_STORAGE4/CRYPTOGRAM/Telegram/SourceFiles/info/channel_statistics/boosts/giveaway/giveaway.style /media/john/NVME_STORAGE4/CRYPTOGRAM/Telegram/SourceFiles/info/channel_statistics/earn/channel_earn.style /media/john/NVME_STORAGE4/CRYPTOGRAM/Telegram/SourceFiles/info/profile/info_levels.style /media/john/NVME_STORAGE4/CRYPTOGRAM/Telegram/SourceFiles/info/userpic/info_userpic_builder.style /media/john/NVME_STORAGE4/CRYPTOGRAM/Telegram/SourceFiles/intro/intro.style /media/john/NVME_STORAGE4/CRYPTOGRAM/Telegram/SourceFiles/iv/iv.style /media/john/NVME_STORAGE4/CRYPTOGRAM/Telegram/SourceFiles/media/player/media_player.style /media/john/NVME_STORAGE4/CRYPTOGRAM/Telegram/SourceFiles/passport/passport.style /media/john/NVME_STORAGE4/CRYPTOGRAM/Telegram/SourceFiles/payments/ui/payments.style /media/john/NVME_STORAGE4/CRYPTOGRAM/Telegram/SourceFiles/profile/profile.style /media/john/NVME_STORAGE4/CRYPTOGRAM/Telegram/SourceFiles/settings/settings.style /media/john/NVME_STORAGE4/CRYPTOGRAM/Telegram/SourceFiles/media/view/media_view.style /media/john/NVME_STORAGE4/CRYPTOGRAM/Telegram/SourceFiles/overview/overview.style /media/john/NVME_STORAGE4/CRYPTOGRAM/Telegram/SourceFiles/window/window.style /media/john/NVME_STORAGE4/CRYPTOGRAM/Telegram/SourceFiles/editor/editor.style /media/john/NVME_STORAGE4/CRYPTOGRAM/Telegram/SourceFiles/statistics/statistics.style
lib_ui/ui/basic.style: error 101: : error: file does not exist.
/media/john/NVME_STORAGE4/CRYPTOGRAM/Telegram/SourceFiles/ui/chat/chat.style(8): error 801: error while parsing 'lib_ui/ui/basic.style'
/media/john/NVME_STORAGE4/CRYPTOGRAM/Telegram/SourceFiles/ui/chat/chat.style(8): error 204: unexpected token, expected using keyword, or struct definition, or variable definition
[6/1445] Building CXX object Telegram/lib_ui/CMakeFiles/lib_ui.dir/ui/layers/layer_widget.cpp.o
FAILED: Telegram/lib_ui/CMakeFiles/lib_ui.dir/ui/layers/layer_widget.cpp.o 
/usr/bin/c++ -DCRL_FORCE_COMMON_QUEUE -DGI_INLINE -DGLIB_VERSION_MAX_ALLOWED=GLIB_VERSION_2_56 -DGLIB_VERSION_MIN_REQUIRED=GLIB_VERSION_2_56 -DKCOREADDONS_EXPORT="" -DQT_CORE_LIB -DQT_DBUS_LIB -DQT_DEPRECATED_WARNINGS_SINCE=0x051500 -DQT_GUI_LIB -DQT_NETWORK_LIB -DQT_NO_CAST_FROM_BYTEARRAY -DQT_NO_DEBUG -DQT_NO_KEYWORDS -DQT_OPENGLWIDGETS_LIB -DQT_OPENGL_LIB -DQT_QMLINTEGRATION_LIB -DQT_QMLMETA_LIB -DQT_QMLMODELS_LIB -DQT_QMLWORKERSCRIPT_LIB -DQT_QML_LIB -DQT_QUICKWIDGETS_LIB -DQT_QUICK_LIB -DQT_SVG_LIB -DQT_WIDGETS_LIB -I/media/john/NVME_STORAGE4/CRYPTOGRAM/Telegram/lib_ui -I/media/john/NVME_STORAGE4/CRYPTOGRAM/Telegram/lib_ui/emoji_suggestions -I/media/john/NVME_STORAGE4/CRYPTOGRAM/Telegram/lib_base -I/media/john/NVME_STORAGE4/CRYPTOGRAM/Telegram/lib_rpl -I/media/john/NVME_STORAGE4/CRYPTOGRAM/Telegram/lib_crl -I/media/john/NVME_STORAGE4/CRYPTOGRAM/cmake/external/glib/cppgir -I/media/john/NVME_STORAGE4/CRYPTOGRAM/cmake/external/glib/cppgir/override -I/media/john/NVME_STORAGE4/CRYPTOGRAM/cmake/external/glib/cppgir/expected-lite/include -isystem /media/john/NVME_STORAGE4/CRYPTOGRAM/build_release/Telegram/lib_ui/gen -isystem /media/john/NVME_STORAGE4/CRYPTOGRAM/build_release/Telegram/lib_ui/lib_ui_autogen/include -isystem /media/john/NVME_STORAGE4/CRYPTOGRAM/Telegram/ThirdParty/GSL/include -isystem /media/john/NVME_STORAGE4/CRYPTOGRAM/Telegram/ThirdParty/dispatch -isystem /usr/include/x86_64-linux-gnu/qt6/QtCore -isystem /usr/include/x86_64-linux-gnu/qt6 -isystem /usr/lib/x86_64-linux-gnu/qt6/mkspecs/linux-g++ -isystem /usr/include/x86_64-linux-gnu/qt6/QtCore/6.8.2 -isystem /usr/include/x86_64-linux-gnu/qt6/QtCore/6.8.2/QtCore -isystem /usr/include/x86_64-linux-gnu/qt6/QtGui -isystem /usr/include/x86_64-linux-gnu/qt6/QtGui/6.8.2 -isystem /usr/include/x86_64-linux-gnu/qt6/QtGui/6.8.2/QtGui -isystem /usr/include/x86_64-linux-gnu/qt6/QtWidgets -isystem /usr/include/x86_64-linux-gnu/qt6/QtWidgets/6.8.2 -isystem /usr/include/x86_64-linux-gnu/qt6/QtWidgets/6.8.2/QtWidgets -isystem /usr/include/x86_64-linux-gnu/qt6/QtNetwork -isystem /usr/include/x86_64-linux-gnu/qt6/QtSvg -isystem /usr/include/x86_64-linux-gnu/qt6/QtOpenGL -isystem /usr/include/x86_64-linux-gnu/qt6/QtOpenGLWidgets -isystem /usr/include/x86_64-linux-gnu/qt6/QtDBus -isystem /usr/include/x86_64-linux-gnu/qt6/QtQuick -isystem /usr/include/x86_64-linux-gnu/qt6/QtQml -isystem /usr/include/x86_64-linux-gnu/qt6/QtQmlIntegration -isystem /usr/include/x86_64-linux-gnu/qt6/QtQmlMeta -isystem /usr/include/x86_64-linux-gnu/qt6/QtQmlModels -isystem /usr/include/x86_64-linux-gnu/qt6/QtQmlWorkerScript -isystem /usr/include/x86_64-linux-gnu/qt6/QtQuickWidgets -isystem /media/john/NVME_STORAGE4/CRYPTOGRAM/Telegram/ThirdParty/range-v3/include -isystem /media/john/NVME_STORAGE4/CRYPTOGRAM/Telegram/ThirdParty/expected/include -isystem /media/john/NVME_STORAGE4/CRYPTOGRAM/Telegram/ThirdParty/kcoreaddons/src/lib/io -isystem /media/john/NVME_STORAGE4/CRYPTOGRAM/Telegram/ThirdParty/kcoreaddons/src/lib/util -isystem /media/john/NVME_STORAGE4/CRYPTOGRAM/cmake/external/kcoreaddons/headers/public -isystem /media/john/NVME_STORAGE4/CRYPTOGRAM/build_release/Telegram/lib_base/gen -isystem /media/john/NVME_STORAGE4/CRYPTOGRAM/build_release/gen -isystem /usr/include/glib-2.0 -isystem /usr/lib/x86_64-linux-gnu/glib-2.0/include -isystem /usr/include/sysprof-6 -isystem /usr/include/libmount -isystem /usr/include/blkid -isystem /usr/include/gio-unix-2.0 -O3 -DNDEBUG -std=gnu++20 -fPIC -fno-strict-aliasing -pipe -Wall -Wextra -Wno-unused-parameter -Wno-switch -Wno-maybe-uninitialized -Wno-missing-field-initializers -Wno-sign-compare -Wno-deprecated -Wno-error=reorder -Wno-error=unused-function -Wno-error=unused-but-set-variable -Wno-deprecated-declarations -pthread -Winvalid-pch -include /media/john/NVME_STORAGE4/CRYPTOGRAM/build_release/Telegram/lib_ui/CMakeFiles/lib_ui.dir/cmake_pch.hxx -MD -MT Telegram/lib_ui/CMakeFiles/lib_ui.dir/ui/layers/layer_widget.cpp.o -MF Telegram/lib_ui/CMakeFiles/lib_ui.dir/ui/layers/layer_widget.cpp.o.d -o Telegram/lib_ui/CMakeFiles/lib_ui.dir/ui/layers/layer_widget.cpp.o -c /media/john/NVME_STORAGE4/CRYPTOGRAM/Telegram/lib_ui/ui/layers/layer_widget.cpp
/media/john/NVME_STORAGE4/CRYPTOGRAM/Telegram/lib_ui/ui/layers/layer_widget.cpp: In member function ‘void Ui::LayerStackWidget::BackgroundWidget::setMainMenuShown(bool)’:
/media/john/NVME_STORAGE4/CRYPTOGRAM/Telegram/lib_ui/ui/layers/layer_widget.cpp:171:83: error: expected ‘;’ before ‘auto’
  171 |         _mainMenuCacheWidth = (_mainMenuCache.width() / style::DevicePixelRatio())
      |                                                                                   ^
      |                                                                                   ;
  172 |                 auto shadow = st::boxRoundShadow;
      |                 ~~~~                                                               
/media/john/NVME_STORAGE4/CRYPTOGRAM/Telegram/lib_ui/ui/layers/layer_widget.cpp:173:19: error: ‘shadow’ was not declared in this scope; did you mean ‘Shadow’?
  173 |                 - shadow.extend.right();
      |                   ^~~~~~
      |                   Shadow
/media/john/NVME_STORAGE4/CRYPTOGRAM/Telegram/lib_ui/ui/layers/layer_widget.cpp: In member function ‘virtual void Ui::LayerStackWidget::BackgroundWidget::paintEvent(QPaintEvent*)’:
/media/john/NVME_STORAGE4/CRYPTOGRAM/Telegram/lib_ui/ui/layers/layer_widget.cpp:249:34: error: no matching function for call to ‘Ui::Shadow::paint(Painter&, QRect, int, const style::BoxShadow&, RectPart)’
  249 |                 Ui::Shadow::paint(p, myrtlrect(0, 0, mainMenuRight, height()), width(), st::boxRoundShadow, RectPart::Right);
      |                 ~~~~~~~~~~~~~~~~~^~~~~~~~~~~~~~~~~~~~~~~~~~~~~~~~~~~~~~~~~~~~~~~~~~~~~~~~~~~~~~~~~~~~~~~~~~~~~~~~~~~~~~~~~~~
In file included from /media/john/NVME_STORAGE4/CRYPTOGRAM/Telegram/lib_ui/ui/layers/layer_widget.cpp:11:
/media/john/NVME_STORAGE4/CRYPTOGRAM/Telegram/lib_ui/ui/widgets/shadow.h:43:21: note: candidate: ‘static void Ui::Shadow::paint(QPainter&, const QRect&, int, const style::Shadow&, RectParts)’
   43 |         static void paint(
      |                     ^~~~~
/media/john/NVME_STORAGE4/CRYPTOGRAM/Telegram/lib_ui/ui/widgets/shadow.h:47:38: note:   no known conversion for argument 4 from ‘const style::BoxShadow’ to ‘const style::Shadow&’
   47 |                 const style::Shadow &st,
      |                 ~~~~~~~~~~~~~~~~~~~~~^~
/media/john/NVME_STORAGE4/CRYPTOGRAM/Telegram/lib_ui/ui/widgets/shadow.h:50:21: note: candidate: ‘static void Ui::Shadow::paint(QPainter&, const QRect&, int, const style::Shadow&, const std::array<QImage, 4>&, RectParts)’
   50 |         static void paint(
      |                     ^~~~~
/media/john/NVME_STORAGE4/CRYPTOGRAM/Telegram/lib_ui/ui/widgets/shadow.h:54:38: note:   no known conversion for argument 4 from ‘const style::BoxShadow’ to ‘const style::Shadow&’
   54 |                 const style::Shadow &st,
      |                 ~~~~~~~~~~~~~~~~~~~~~^~
/media/john/NVME_STORAGE4/CRYPTOGRAM/Telegram/lib_ui/ui/widgets/shadow.h:58:21: note: candidate: ‘static void Ui::Shadow::paint(QPainter&, const QRect&, int, const style::Shadow&, const std::array<QImage, 4>&, const std::array<QImage, 4>&)’
   58 |         static void paint(
      |                     ^~~~~
/media/john/NVME_STORAGE4/CRYPTOGRAM/Telegram/lib_ui/ui/widgets/shadow.h:58:21: note:   candidate expects 6 arguments, 5 provided
/media/john/NVME_STORAGE4/CRYPTOGRAM/Telegram/lib_ui/ui/layers/layer_widget.cpp:267:34: error: no matching function for call to ‘Ui::Shadow::paint(Painter&, QRect&, int, const style::BoxShadow&, const std::array<QImage, 4>&, base::flags<RectPart>&)’
  267 |                 Ui::Shadow::paint(p, specialLayerBox, width(), st::boxRoundShadow, Ui::SpecialLayerShadowCorners(), sides);
      |                 ~~~~~~~~~~~~~~~~~^~~~~~~~~~~~~~~~~~~~~~~~~~~~~~~~~~~~~~~~~~~~~~~~~~~~~~~~~~~~~~~~~~~~~~~~~~~~~~~~~~~~~~~~~
/media/john/NVME_STORAGE4/CRYPTOGRAM/Telegram/lib_ui/ui/widgets/shadow.h:43:21: note: candidate: ‘static void Ui::Shadow::paint(QPainter&, const QRect&, int, const style::Shadow&, RectParts)’
   43 |         static void paint(
      |                     ^~~~~
/media/john/NVME_STORAGE4/CRYPTOGRAM/Telegram/lib_ui/ui/widgets/shadow.h:43:21: note:   candidate expects 5 arguments, 6 provided
/media/john/NVME_STORAGE4/CRYPTOGRAM/Telegram/lib_ui/ui/widgets/shadow.h:50:21: note: candidate: ‘static void Ui::Shadow::paint(QPainter&, const QRect&, int, const style::Shadow&, const std::array<QImage, 4>&, RectParts)’
   50 |         static void paint(
      |                     ^~~~~
/media/john/NVME_STORAGE4/CRYPTOGRAM/Telegram/lib_ui/ui/widgets/shadow.h:54:38: note:   no known conversion for argument 4 from ‘const style::BoxShadow’ to ‘const style::Shadow&’
   54 |                 const style::Shadow &st,
      |                 ~~~~~~~~~~~~~~~~~~~~~^~
/media/john/NVME_STORAGE4/CRYPTOGRAM/Telegram/lib_ui/ui/widgets/shadow.h:58:21: note: candidate: ‘static void Ui::Shadow::paint(QPainter&, const QRect&, int, const style::Shadow&, const std::array<QImage, 4>&, const std::array<QImage, 4>&)’
   58 |         static void paint(
      |                     ^~~~~
/media/john/NVME_STORAGE4/CRYPTOGRAM/Telegram/lib_ui/ui/widgets/shadow.h:62:38: note:   no known conversion for argument 4 from ‘const style::BoxShadow’ to ‘const style::Shadow&’
   62 |                 const style::Shadow &st,
      |                 ~~~~~~~~~~~~~~~~~~~~~^~
/media/john/NVME_STORAGE4/CRYPTOGRAM/Telegram/lib_ui/ui/layers/layer_widget.cpp:293:63: error: ‘struct style::BoxShadow’ has no member named ‘extend’
  293 |                 auto cacheLeft = specialLayerBox.x() - shadow.extend.left();
      |                                                               ^~~~~~
/media/john/NVME_STORAGE4/CRYPTOGRAM/Telegram/lib_ui/ui/layers/layer_widget.cpp:294:101: error: ‘const struct style::BoxShadow’ has no member named ‘extend’
  294 |                 auto cacheTop = specialLayerBox.y() - (specialLayerBox.y() > 0 ? st::boxRoundShadow.extend.top() : 0);
      |                                                                                                     ^~~~~~
/media/john/NVME_STORAGE4/CRYPTOGRAM/Telegram/lib_ui/ui/layers/layer_widget.cpp:304:42: error: no matching function for call to ‘Ui::Shadow::paint(Painter&, QRect&, int, const style::BoxShadow&)’
  304 |                         Ui::Shadow::paint(p, layerBox, width(), st::boxRoundShadow);
      |                         ~~~~~~~~~~~~~~~~~^~~~~~~~~~~~~~~~~~~~~~~~~~~~~~~~~~~~~~~~~~
/media/john/NVME_STORAGE4/CRYPTOGRAM/Telegram/lib_ui/ui/widgets/shadow.h:43:21: note: candidate: ‘static void Ui::Shadow::paint(QPainter&, const QRect&, int, const style::Shadow&, RectParts)’
   43 |         static void paint(
      |                     ^~~~~
/media/john/NVME_STORAGE4/CRYPTOGRAM/Telegram/lib_ui/ui/widgets/shadow.h:47:38: note:   no known conversion for argument 4 from ‘const style::BoxShadow’ to ‘const style::Shadow&’
   47 |                 const style::Shadow &st,
      |                 ~~~~~~~~~~~~~~~~~~~~~^~
/media/john/NVME_STORAGE4/CRYPTOGRAM/Telegram/lib_ui/ui/widgets/shadow.h:50:21: note: candidate: ‘static void Ui::Shadow::paint(QPainter&, const QRect&, int, const style::Shadow&, const std::array<QImage, 4>&, RectParts)’
   50 |         static void paint(
      |                     ^~~~~
/media/john/NVME_STORAGE4/CRYPTOGRAM/Telegram/lib_ui/ui/widgets/shadow.h:50:21: note:   candidate expects 6 arguments, 4 provided
/media/john/NVME_STORAGE4/CRYPTOGRAM/Telegram/lib_ui/ui/widgets/shadow.h:58:21: note: candidate: ‘static void Ui::Shadow::paint(QPainter&, const QRect&, int, const style::Shadow&, const std::array<QImage, 4>&, const std::array<QImage, 4>&)’
   58 |         static void paint(
      |                     ^~~~~
/media/john/NVME_STORAGE4/CRYPTOGRAM/Telegram/lib_ui/ui/widgets/shadow.h:58:21: note:   candidate expects 6 arguments, 4 provided
/media/john/NVME_STORAGE4/CRYPTOGRAM/Telegram/lib_ui/ui/layers/layer_widget.cpp:309:81: error: ‘const struct style::BoxShadow’ has no member named ‘extend’
  309 |                 p.drawPixmapLeft(layerBox.topLeft() - QPoint(st::boxRoundShadow.extend.left(), st::boxRoundShadow.extend.top()), width(), _layerCache);
      |                                                                                 ^~~~~~
/media/john/NVME_STORAGE4/CRYPTOGRAM/Telegram/lib_ui/ui/layers/layer_widget.cpp:309:115: error: ‘const struct style::BoxShadow’ has no member named ‘extend’
  309 |                 p.drawPixmapLeft(layerBox.topLeft() - QPoint(st::boxRoundShadow.extend.left(), st::boxRoundShadow.extend.top()), width(), _layerCache);
      |                                                                                                                   ^~~~~~
/media/john/NVME_STORAGE4/CRYPTOGRAM/Telegram/lib_ui/ui/layers/layer_widget.cpp:313:70: error: ‘const struct style::BoxShadow’ has no member named ‘extend’
  313 |                 auto shownWidth = mainMenuRight + st::boxRoundShadow.extend.right();
      |                                                                      ^~~~~~
/media/john/NVME_STORAGE4/CRYPTOGRAM/Telegram/lib_ui/ui/layers/layer_widget.cpp: In member function ‘void Ui::LayerStackWidget::setCacheImages()’:
/media/john/NVME_STORAGE4/CRYPTOGRAM/Telegram/lib_ui/ui/layers/layer_widget.cpp:497:73: error: cannot convert ‘const style::BoxShadow’ to ‘const style::Shadow&’
  497 |                 specialLayerCache = Ui::Shadow::grab(_specialLayer, st::boxRoundShadow, sides);
      |                                                                     ~~~~^~~~~~~~~~~~~~
      |                                                                         |
      |                                                                         const style::BoxShadow
/media/john/NVME_STORAGE4/CRYPTOGRAM/Telegram/lib_ui/ui/widgets/shadow.h:68:38: note:   initializing argument 2 of ‘static QPixmap Ui::Shadow::grab(gsl::not_null<Ui::RpWidget*>, const style::Shadow&, RectParts)’
   68 |                 const style::Shadow &shadow,
      |                 ~~~~~~~~~~~~~~~~~~~~~^~~~~~
/media/john/NVME_STORAGE4/CRYPTOGRAM/Telegram/lib_ui/ui/layers/layer_widget.cpp:501:58: error: cannot convert ‘const style::BoxShadow’ to ‘const style::Shadow&’
  501 |                 layerCache = Ui::Shadow::grab(layer, st::boxRoundShadow);
      |                                                      ~~~~^~~~~~~~~~~~~~
      |                                                          |
      |                                                          const style::BoxShadow
/media/john/NVME_STORAGE4/CRYPTOGRAM/Telegram/lib_ui/ui/widgets/shadow.h:68:38: note:   initializing argument 2 of ‘static QPixmap Ui::Shadow::grab(gsl::not_null<Ui::RpWidget*>, const style::Shadow&, RectParts)’
   68 |                 const style::Shadow &shadow,
      |                 ~~~~~~~~~~~~~~~~~~~~~^~~~~~
/media/john/NVME_STORAGE4/CRYPTOGRAM/Telegram/lib_ui/ui/layers/layer_widget.cpp:512:61: error: cannot convert ‘style::BoxShadow’ to ‘const style::Shadow&’
  512 |                 mainMenuCache = Ui::Shadow::grab(_mainMenu, shadow, RectPart::Right);
      |                                                             ^~~~~~
      |                                                             |
      |                                                             style::BoxShadow
/media/john/NVME_STORAGE4/CRYPTOGRAM/Telegram/lib_ui/ui/widgets/shadow.h:68:38: note:   initializing argument 2 of ‘static QPixmap Ui::Shadow::grab(gsl::not_null<Ui::RpWidget*>, const style::Shadow&, RectParts)’
   68 |                 const style::Shadow &shadow,
      |                 ~~~~~~~~~~~~~~~~~~~~~^~~~~~
/media/john/NVME_STORAGE4/CRYPTOGRAM/Telegram/lib_ui/ui/layers/layer_widget.cpp: At global scope:
/media/john/NVME_STORAGE4/CRYPTOGRAM/Telegram/lib_ui/ui/layers/layer_widget.cpp:959:1: error: ‘i’ does not name a type
  959 | i
      | ^
[7/1445] Building CXX object Telegram/lib_ui/CMakeFiles/lib_ui.dir/ui/layers/box_layer_widget.cpp.o
FAILED: Telegram/lib_ui/CMakeFiles/lib_ui.dir/ui/layers/box_layer_widget.cpp.o 
/usr/bin/c++ -DCRL_FORCE_COMMON_QUEUE -DGI_INLINE -DGLIB_VERSION_MAX_ALLOWED=GLIB_VERSION_2_56 -DGLIB_VERSION_MIN_REQUIRED=GLIB_VERSION_2_56 -DKCOREADDONS_EXPORT="" -DQT_CORE_LIB -DQT_DBUS_LIB -DQT_DEPRECATED_WARNINGS_SINCE=0x051500 -DQT_GUI_LIB -DQT_NETWORK_LIB -DQT_NO_CAST_FROM_BYTEARRAY -DQT_NO_DEBUG -DQT_NO_KEYWORDS -DQT_OPENGLWIDGETS_LIB -DQT_OPENGL_LIB -DQT_QMLINTEGRATION_LIB -DQT_QMLMETA_LIB -DQT_QMLMODELS_LIB -DQT_QMLWORKERSCRIPT_LIB -DQT_QML_LIB -DQT_QUICKWIDGETS_LIB -DQT_QUICK_LIB -DQT_SVG_LIB -DQT_WIDGETS_LIB -I/media/john/NVME_STORAGE4/CRYPTOGRAM/Telegram/lib_ui -I/media/john/NVME_STORAGE4/CRYPTOGRAM/Telegram/lib_ui/emoji_suggestions -I/media/john/NVME_STORAGE4/CRYPTOGRAM/Telegram/lib_base -I/media/john/NVME_STORAGE4/CRYPTOGRAM/Telegram/lib_rpl -I/media/john/NVME_STORAGE4/CRYPTOGRAM/Telegram/lib_crl -I/media/john/NVME_STORAGE4/CRYPTOGRAM/cmake/external/glib/cppgir -I/media/john/NVME_STORAGE4/CRYPTOGRAM/cmake/external/glib/cppgir/override -I/media/john/NVME_STORAGE4/CRYPTOGRAM/cmake/external/glib/cppgir/expected-lite/include -isystem /media/john/NVME_STORAGE4/CRYPTOGRAM/build_release/Telegram/lib_ui/gen -isystem /media/john/NVME_STORAGE4/CRYPTOGRAM/build_release/Telegram/lib_ui/lib_ui_autogen/include -isystem /media/john/NVME_STORAGE4/CRYPTOGRAM/Telegram/ThirdParty/GSL/include -isystem /media/john/NVME_STORAGE4/CRYPTOGRAM/Telegram/ThirdParty/dispatch -isystem /usr/include/x86_64-linux-gnu/qt6/QtCore -isystem /usr/include/x86_64-linux-gnu/qt6 -isystem /usr/lib/x86_64-linux-gnu/qt6/mkspecs/linux-g++ -isystem /usr/include/x86_64-linux-gnu/qt6/QtCore/6.8.2 -isystem /usr/include/x86_64-linux-gnu/qt6/QtCore/6.8.2/QtCore -isystem /usr/include/x86_64-linux-gnu/qt6/QtGui -isystem /usr/include/x86_64-linux-gnu/qt6/QtGui/6.8.2 -isystem /usr/include/x86_64-linux-gnu/qt6/QtGui/6.8.2/QtGui -isystem /usr/include/x86_64-linux-gnu/qt6/QtWidgets -isystem /usr/include/x86_64-linux-gnu/qt6/QtWidgets/6.8.2 -isystem /usr/include/x86_64-linux-gnu/qt6/QtWidgets/6.8.2/QtWidgets -isystem /usr/include/x86_64-linux-gnu/qt6/QtNetwork -isystem /usr/include/x86_64-linux-gnu/qt6/QtSvg -isystem /usr/include/x86_64-linux-gnu/qt6/QtOpenGL -isystem /usr/include/x86_64-linux-gnu/qt6/QtOpenGLWidgets -isystem /usr/include/x86_64-linux-gnu/qt6/QtDBus -isystem /usr/include/x86_64-linux-gnu/qt6/QtQuick -isystem /usr/include/x86_64-linux-gnu/qt6/QtQml -isystem /usr/include/x86_64-linux-gnu/qt6/QtQmlIntegration -isystem /usr/include/x86_64-linux-gnu/qt6/QtQmlMeta -isystem /usr/include/x86_64-linux-gnu/qt6/QtQmlModels -isystem /usr/include/x86_64-linux-gnu/qt6/QtQmlWorkerScript -isystem /usr/include/x86_64-linux-gnu/qt6/QtQuickWidgets -isystem /media/john/NVME_STORAGE4/CRYPTOGRAM/Telegram/ThirdParty/range-v3/include -isystem /media/john/NVME_STORAGE4/CRYPTOGRAM/Telegram/ThirdParty/expected/include -isystem /media/john/NVME_STORAGE4/CRYPTOGRAM/Telegram/ThirdParty/kcoreaddons/src/lib/io -isystem /media/john/NVME_STORAGE4/CRYPTOGRAM/Telegram/ThirdParty/kcoreaddons/src/lib/util -isystem /media/john/NVME_STORAGE4/CRYPTOGRAM/cmake/external/kcoreaddons/headers/public -isystem /media/john/NVME_STORAGE4/CRYPTOGRAM/build_release/Telegram/lib_base/gen -isystem /media/john/NVME_STORAGE4/CRYPTOGRAM/build_release/gen -isystem /usr/include/glib-2.0 -isystem /usr/lib/x86_64-linux-gnu/glib-2.0/include -isystem /usr/include/sysprof-6 -isystem /usr/include/libmount -isystem /usr/include/blkid -isystem /usr/include/gio-unix-2.0 -O3 -DNDEBUG -std=gnu++20 -fPIC -fno-strict-aliasing -pipe -Wall -Wextra -Wno-unused-parameter -Wno-switch -Wno-maybe-uninitialized -Wno-missing-field-initializers -Wno-sign-compare -Wno-deprecated -Wno-error=reorder -Wno-error=unused-function -Wno-error=unused-but-set-variable -Wno-deprecated-declarations -pthread -Winvalid-pch -include /media/john/NVME_STORAGE4/CRYPTOGRAM/build_release/Telegram/lib_ui/CMakeFiles/lib_ui.dir/cmake_pch.hxx -MD -MT Telegram/lib_ui/CMakeFiles/lib_ui.dir/ui/layers/box_layer_widget.cpp.o -MF Telegram/lib_ui/CMakeFiles/lib_ui.dir/ui/layers/box_layer_widget.cpp.o.d -o Telegram/lib_ui/CMakeFiles/lib_ui.dir/ui/layers/box_layer_widget.cpp.o -c /media/john/NVME_STORAGE4/CRYPTOGRAM/Telegram/lib_ui/ui/layers/box_layer_widget.cpp
/media/john/NVME_STORAGE4/CRYPTOGRAM/Telegram/lib_ui/ui/layers/box_layer_widget.cpp: In member function ‘virtual void Ui::BoxLayerWidget::setDimensions(int, int, bool)’:
/media/john/NVME_STORAGE4/CRYPTOGRAM/Telegram/lib_ui/ui/layers/box_layer_widget.cpp:388:92: error: invalid ‘static_cast’ from type ‘const style::BoxShadow’ to type ‘const style::Shadow&’
  388 |                         parentWidget()->update(oldGeometry.united(geometry()).marginsAdded(static_cast<const style::Shadow&>(st::boxRoundShadow).extend));
      |                                                                                            ^~~~~~~~~~~~~~~~~~~~~~~~~~~~~~~~~~~~~~~~~~~~~~~~~~~~~
[8/1445] Building CXX object Telegram/lib_ui/CMakeFiles/lib_ui.dir/ui/style/style_core.cpp.o
ninja: build stopped: subcommand failed.
